<?xml version="1.0" encoding="UTF-8" ?>
<testsuite tests="145" failures="0" name="TestRunners.TestRunner" time="0.124" errors="0" skipped="0">
  <properties>
[...]
</properties>
  <testcase classname="| posts | Get | userId | 1 | 200 | 10 |" name="Given Setup the URI using given endpoint &quot;posts&quot;" time="0.004"/>
  <testcase classname="| posts | Get | userId | 1 | 200 | 10 |" name="When Run the RestFul service using given inputs &quot;Get&quot; &quot;userId&quot; &quot;1&quot;" time="0"/>
  <testcase classname="| posts | Get | userId | 1 | 200 | 10 |" name="Then Validate the service returns given response code &quot;200&quot;" time="0"/>
  <testcase classname="| posts | Get | userId | 1 | 200 | 10 |" name="And Validate the record counts matches as per expected counts &quot;10&quot;" time="0"/>
  <testcase classname="| posts | Get | userId | 1 | 200 | 10 |" name="And Validate the service returned required details for given parameters &quot;userId&quot; &quot;1&quot;" time="0"/>
  <testcase classname="| posts | Get | userId | 1 | 200 | 10 |" name="| posts | Get | userId | 1 | 200 | 10 |" time="0.009"/>
  <testcase classname="| posts | Get | id | 1 | 200 | 1 |" name="Given Setup the URI using given endpoint &quot;posts&quot;" time="0"/>
  <testcase classname="| posts | Get | id | 1 | 200 | 1 |" name="When Run the RestFul service using given inputs &quot;Get&quot; &quot;id&quot; &quot;1&quot;" time="0"/>
  <testcase classname="| posts | Get | id | 1 | 200 | 1 |" name="Then Validate the service returns given response code &quot;200&quot;" time="0"/>
  <testcase classname="| posts | Get | id | 1 | 200 | 1 |" name="And Validate the record counts matches as per expected counts &quot;1&quot;" time="0"/>
  <testcase classname="| posts | Get | id | 1 | 200 | 1 |" name="And Validate the service returned required details for given parameters &quot;id&quot; &quot;1&quot;" time="0"/>
  <testcase classname="| posts | Get | id | 1 | 200 | 1 |" name="| posts | Get | id | 1 | 200 | 1 |" time="0.004"/>
  <testcase classname="| posts | Get | title | qui est esse | 200 | 1 |" name="Given Setup the URI using given endpoint &quot;posts&quot;" time="0"/>
  <testcase classname="| posts | Get | title | qui est esse | 200 | 1 |" name="When Run the RestFul service using given inputs &quot;Get&quot; &quot;title&quot; &quot;qui est esse&quot;" time="0"/>
  <testcase classname="| posts | Get | title | qui est esse | 200 | 1 |" name="Then Validate the service returns given response code &quot;200&quot;" time="0"/>
  <testcase classname="| posts | Get | title | qui est esse | 200 | 1 |" name="And Validate the record counts matches as per expected counts &quot;1&quot;" time="0"/>
  <testcase classname="| posts | Get | title | qui est esse | 200 | 1 |" name="And Validate the service returned required details for given parameters &quot;title&quot; &quot;qui est esse&quot;" time="0"/>
  <testcase classname="| posts | Get | title | qui est esse | 200 | 1 |" name="| posts | Get | title | qui est esse | 200 | 1 |" time="0.004"/>
  <testcase classname="| comments | Get | postId | 2 | 200 | 5 |" name="Given Setup the URI using given endpoint &quot;comments&quot;" time="0"/>
  <testcase classname="| comments | Get | postId | 2 | 200 | 5 |" name="When Run the RestFul service using given inputs &quot;Get&quot; &quot;postId&quot; &quot;2&quot;" time="0"/>
  <testcase classname="| comments | Get | postId | 2 | 200 | 5 |" name="Then Validate the service returns given response code &quot;200&quot;" time="0"/>
  <testcase classname="| comments | Get | postId | 2 | 200 | 5 |" name="And Validate the record counts matches as per expected counts &quot;5&quot;" time="0"/>
  <testcase classname="| comments | Get | postId | 2 | 200 | 5 |" name="And Validate the service returned required details for given parameters &quot;postId&quot; &quot;2&quot;" time="0.012"/>
  <testcase classname="| comments | Get | postId | 2 | 200 | 5 |" name="| comments | Get | postId | 2 | 200 | 5 |" time="0.013"/>
  <testcase classname="| comments | Get | id | 6 | 200 | 1 |" name="Given Setup the URI using given endpoint &quot;comments&quot;" time="0"/>
  <testcase classname="| comments | Get | id | 6 | 200 | 1 |" name="When Run the RestFul service using given inputs &quot;Get&quot; &quot;id&quot; &quot;6&quot;" time="0"/>
  <testcase classname="| comments | Get | id | 6 | 200 | 1 |" name="Then Validate the service returns given response code &quot;200&quot;" time="0.001"/>
  <testcase classname="| comments | Get | id | 6 | 200 | 1 |" name="And Validate the record counts matches as per expected counts &quot;1&quot;" time="0"/>
  <testcase classname="| comments | Get | id | 6 | 200 | 1 |" name="And Validate the service returned required details for given parameters &quot;id&quot; &quot;6&quot;" time="0"/>
  <testcase classname="| comments | Get | id | 6 | 200 | 1 |" name="| comments | Get | id | 6 | 200 | 1 |" time="0.001"/>
  <testcase classname="| comments | Get | name | et omnis dolorem | 200 | 1 |" name="Given Setup the URI using given endpoint &quot;comments&quot;" time="0"/>
  <testcase classname="| comments | Get | name | et omnis dolorem | 200 | 1 |" name="When Run the RestFul service using given inputs &quot;Get&quot; &quot;name&quot; &quot;et omnis dolorem&quot;" time="0"/>
  <testcase classname="| comments | Get | name | et omnis dolorem | 200 | 1 |" name="Then Validate the service returns given response code &quot;200&quot;" time="0"/>
  <testcase classname="| comments | Get | name | et omnis dolorem | 200 | 1 |" name="And Validate the record counts matches as per expected counts &quot;1&quot;" time="0"/>
  <testcase classname="| comments | Get | name | et omnis dolorem | 200 | 1 |" name="And Validate the service returned required details for given parameters &quot;name&quot; &quot;et omnis dolorem&quot;" time="0"/>
  <testcase classname="| comments | Get | name | et omnis dolorem | 200 | 1 |" name="| comments | Get | name | et omnis dolorem | 200 | 1 |" time="0.001"/>
  <testcase classname="| comments | Get | email | Mallory_Kunze@marie.org | 200 | 1 |" name="Given Setup the URI using given endpoint &quot;comments&quot;" time="0"/>
  <testcase classname="| comments | Get | email | Mallory_Kunze@marie.org | 200 | 1 |" name="When Run the RestFul service using given inputs &quot;Get&quot; &quot;email&quot; &quot;Mallory_Kunze@marie.org&quot;" time="0"/>
  <testcase classname="| comments | Get | email | Mallory_Kunze@marie.org | 200 | 1 |" name="Then Validate the service returns given response code &quot;200&quot;" time="0"/>
  <testcase classname="| comments | Get | email | Mallory_Kunze@marie.org | 200 | 1 |" name="And Validate the record counts matches as per expected counts &quot;1&quot;" time="0"/>
  <testcase classname="| comments | Get | email | Mallory_Kunze@marie.org | 200 | 1 |" name="And Validate the service returned required details for given parameters &quot;email&quot; &quot;Mallory_Kunze@marie.org&quot;" time="0"/>
  <testcase classname="| comments | Get | email | Mallory_Kunze@marie.org | 200 | 1 |" name="| comments | Get | email | Mallory_Kunze@marie.org | 200 | 1 |" time="0.003"/>
  <testcase classname="| users | Get | id | 1 | 200 | 1 |" name="Given Setup the URI using given endpoint &quot;users&quot;" time="0.001"/>
  <testcase classname="| users | Get | id | 1 | 200 | 1 |" name="When Run the RestFul service using given inputs &quot;Get&quot; &quot;id&quot; &quot;1&quot;" time="0"/>
  <testcase classname="| users | Get | id | 1 | 200 | 1 |" name="Then Validate the service returns given response code &quot;200&quot;" time="0"/>
  <testcase classname="| users | Get | id | 1 | 200 | 1 |" name="And Validate the record counts matches as per expected counts &quot;1&quot;" time="0"/>
  <testcase classname="| users | Get | id | 1 | 200 | 1 |" name="And Validate the service returned required details for given parameters &quot;id&quot; &quot;1&quot;" time="0"/>
  <testcase classname="| users | Get | id | 1 | 200 | 1 |" name="| users | Get | id | 1 | 200 | 1 |" time="0.001"/>
  <testcase classname="| users | Get | name | Leanne Graham | 200 | 1 |" name="Given Setup the URI using given endpoint &quot;users&quot;" time="0"/>
  <testcase classname="| users | Get | name | Leanne Graham | 200 | 1 |" name="When Run the RestFul service using given inputs &quot;Get&quot; &quot;name&quot; &quot;Leanne Graham&quot;" time="0"/>
  <testcase classname="| users | Get | name | Leanne Graham | 200 | 1 |" name="Then Validate the service returns given response code &quot;200&quot;" time="0"/>
  <testcase classname="| users | Get | name | Leanne Graham | 200 | 1 |" name="And Validate the record counts matches as per expected counts &quot;1&quot;" time="0"/>
  <testcase classname="| users | Get | name | Leanne Graham | 200 | 1 |" name="And Validate the service returned required details for given parameters &quot;name&quot; &quot;Leanne Graham&quot;" time="0"/>
  <testcase classname="| users | Get | name | Leanne Graham | 200 | 1 |" name="| users | Get | name | Leanne Graham | 200 | 1 |" time="0"/>
  <testcase classname="| users | Get | username | Bret | 200 | 1 |" name="Given Setup the URI using given endpoint &quot;users&quot;" time="0"/>
  <testcase classname="| users | Get | username | Bret | 200 | 1 |" name="When Run the RestFul service using given inputs &quot;Get&quot; &quot;username&quot; &quot;Bret&quot;" time="0"/>
  <testcase classname="| users | Get | username | Bret | 200 | 1 |" name="Then Validate the service returns given response code &quot;200&quot;" time="0"/>
  <testcase classname="| users | Get | username | Bret | 200 | 1 |" name="And Validate the record counts matches as per expected counts &quot;1&quot;" time="0"/>
  <testcase classname="| users | Get | username | Bret | 200 | 1 |" name="And Validate the service returned required details for given parameters &quot;username&quot; &quot;Bret&quot;" time="0"/>
  <testcase classname="| users | Get | username | Bret | 200 | 1 |" name="| users | Get | username | Bret | 200 | 1 |" time="0.004"/>
  <testcase classname="| users | Get | email | Sincere@april.biz | 200 | 1 |" name="Given Setup the URI using given endpoint &quot;users&quot;" time="0"/>
  <testcase classname="| users | Get | email | Sincere@april.biz | 200 | 1 |" name="When Run the RestFul service using given inputs &quot;Get&quot; &quot;email&quot; &quot;Sincere@april.biz&quot;" time="0"/>
  <testcase classname="| users | Get | email | Sincere@april.biz | 200 | 1 |" name="Then Validate the service returns given response code &quot;200&quot;" time="0.002"/>
  <testcase classname="| users | Get | email | Sincere@april.biz | 200 | 1 |" name="And Validate the record counts matches as per expected counts &quot;1&quot;" time="0.001"/>
  <testcase classname="| users | Get | email | Sincere@april.biz | 200 | 1 |" name="And Validate the service returned required details for given parameters &quot;email&quot; &quot;Sincere@april.biz&quot;" time="0"/>
  <testcase classname="| users | Get | email | Sincere@april.biz | 200 | 1 |" name="| users | Get | email | Sincere@april.biz | 200 | 1 |" time="0.004"/>
  <testcase classname="| users | Get | phone | 024-648-3804 | 200 | 1 |" name="Given Setup the URI using given endpoint &quot;users&quot;" time="0"/>
  <testcase classname="| users | Get | phone | 024-648-3804 | 200 | 1 |" name="When Run the RestFul service using given inputs &quot;Get&quot; &quot;phone&quot; &quot;024-648-3804&quot;" time="0.001"/>
  <testcase classname="| users | Get | phone | 024-648-3804 | 200 | 1 |" name="Then Validate the service returns given response code &quot;200&quot;" time="0"/>
  <testcase classname="| users | Get | phone | 024-648-3804 | 200 | 1 |" name="And Validate the record counts matches as per expected counts &quot;1&quot;" time="0"/>
  <testcase classname="| users | Get | phone | 024-648-3804 | 200 | 1 |" name="And Validate the service returned required details for given parameters &quot;phone&quot; &quot;024-648-3804&quot;" time="0"/>
  <testcase classname="| users | Get | phone | 024-648-3804 | 200 | 1 |" name="| users | Get | phone | 024-648-3804 | 200 | 1 |" time="0.004"/>
  <testcase classname="| posts | Get | userId | 104 | 200 | 0 |" name="Given Setup the URI using given endpoint &quot;posts&quot;" time="0.001"/>
  <testcase classname="| posts | Get | userId | 104 | 200 | 0 |" name="When Run the RestFul service using given inputs &quot;Get&quot; &quot;userId&quot; &quot;104&quot;" time="0"/>
  <testcase classname="| posts | Get | userId | 104 | 200 | 0 |" name="Then Validate the service returns given response code &quot;200&quot;" time="0"/>
  <testcase classname="| posts | Get | userId | 104 | 200 | 0 |" name="And Validate the record counts matches as per expected counts &quot;0&quot;" time="0"/>
  <testcase classname="| posts | Get | userId | 104 | 200 | 0 |" name="And Validate the service returned required details for given parameters &quot;userId&quot; &quot;104&quot;" time="0.001"/>
  <testcase classname="| posts | Get | userId | 104 | 200 | 0 |" name="| posts | Get | userId | 104 | 200 | 0 |" time="0.004"/>
  <testcase classname="| comments | Get | postId | 498 | 200 | 0 |" name="Given Setup the URI using given endpoint &quot;comments&quot;" time="0"/>
  <testcase classname="| comments | Get | postId | 498 | 200 | 0 |" name="When Run the RestFul service using given inputs &quot;Get&quot; &quot;postId&quot; &quot;498&quot;" time="0"/>
  <testcase classname="| comments | Get | postId | 498 | 200 | 0 |" name="Then Validate the service returns given response code &quot;200&quot;" time="0"/>
  <testcase classname="| comments | Get | postId | 498 | 200 | 0 |" name="And Validate the record counts matches as per expected counts &quot;0&quot;" time="0"/>
  <testcase classname="| comments | Get | postId | 498 | 200 | 0 |" name="And Validate the service returned required details for given parameters &quot;postId&quot; &quot;498&quot;" time="0"/>
  <testcase classname="| comments | Get | postId | 498 | 200 | 0 |" name="| comments | Get | postId | 498 | 200 | 0 |" time="0.004"/>
  <testcase classname="| users | Get | email | xyz@pqr.com | 200 | 0 |" name="Given Setup the URI using given endpoint &quot;users&quot;" time="0"/>
  <testcase classname="| users | Get | email | xyz@pqr.com | 200 | 0 |" name="When Run the RestFul service using given inputs &quot;Get&quot; &quot;email&quot; &quot;xyz@pqr.com&quot;" time="0"/>
  <testcase classname="| users | Get | email | xyz@pqr.com | 200 | 0 |" name="Then Validate the service returns given response code &quot;200&quot;" time="0"/>
  <testcase classname="| users | Get | email | xyz@pqr.com | 200 | 0 |" name="And Validate the record counts matches as per expected counts &quot;0&quot;" time="0"/>
  <testcase classname="| users | Get | email | xyz@pqr.com | 200 | 0 |" name="And Validate the service returned required details for given parameters &quot;email&quot; &quot;xyz@pqr.com&quot;" time="0"/>
  <testcase classname="| users | Get | email | xyz@pqr.com | 200 | 0 |" name="| users | Get | email | xyz@pqr.com | 200 | 0 |" time="0.007"/>
  <testcase classname="| posts | Get | NA | NA | 200 | 100 |" name="Given Setup the URI using given endpoint &quot;posts&quot;" time="0"/>
  <testcase classname="| posts | Get | NA | NA | 200 | 100 |" name="When Run the RestFul service using given inputs &quot;Get&quot; &quot;NA&quot; &quot;NA&quot;" time="0"/>
  <testcase classname="| posts | Get | NA | NA | 200 | 100 |" name="Then Validate the service returns given response code &quot;200&quot;" time="0"/>
  <testcase classname="| posts | Get | NA | NA | 200 | 100 |" name="And Validate the record counts matches as per expected counts &quot;100&quot;" time="0"/>
  <testcase classname="| posts | Get | NA | NA | 200 | 100 |" name="And Validate the service returned required details for given parameters &quot;NA&quot; &quot;NA&quot;" time="0"/>
  <testcase classname="| posts | Get | NA | NA | 200 | 100 |" name="| posts | Get | NA | NA | 200 | 100 |" time="0.009"/>
  <testcase classname="| comments | Get | NA | NA | 200 | 500 |" name="Given Setup the URI using given endpoint &quot;comments&quot;" time="0"/>
  <testcase classname="| comments | Get | NA | NA | 200 | 500 |" name="When Run the RestFul service using given inputs &quot;Get&quot; &quot;NA&quot; &quot;NA&quot;" time="0"/>
  <testcase classname="| comments | Get | NA | NA | 200 | 500 |" name="Then Validate the service returns given response code &quot;200&quot;" time="0"/>
  <testcase classname="| comments | Get | NA | NA | 200 | 500 |" name="And Validate the record counts matches as per expected counts &quot;500&quot;" time="0.001"/>
  <testcase classname="| comments | Get | NA | NA | 200 | 500 |" name="And Validate the service returned required details for given parameters &quot;NA&quot; &quot;NA&quot;" time="0"/>
  <testcase classname="| comments | Get | NA | NA | 200 | 500 |" name="| comments | Get | NA | NA | 200 | 500 |" time="0.002"/>
  <testcase classname="| users | Get | NA | NA | 200 | 10 |" name="Given Setup the URI using given endpoint &quot;users&quot;" time="0"/>
  <testcase classname="| users | Get | NA | NA | 200 | 10 |" name="When Run the RestFul service using given inputs &quot;Get&quot; &quot;NA&quot; &quot;NA&quot;" time="0.001"/>
  <testcase classname="| users | Get | NA | NA | 200 | 10 |" name="Then Validate the service returns given response code &quot;200&quot;" time="0"/>
  <testcase classname="| users | Get | NA | NA | 200 | 10 |" name="And Validate the record counts matches as per expected counts &quot;10&quot;" time="0"/>
  <testcase classname="| users | Get | NA | NA | 200 | 10 |" name="And Validate the service returned required details for given parameters &quot;NA&quot; &quot;NA&quot;" time="0"/>
  <testcase classname="| users | Get | NA | NA | 200 | 10 |" name="| users | Get | NA | NA | 200 | 10 |" time="0.003"/>
  <testcase classname="| posts | Get | userId:title | 1:qui est esse | 200 | 1 |" name="Given Setup the URI using given endpoint &quot;posts&quot;" time="0"/>
  <testcase classname="| posts | Get | userId:title | 1:qui est esse | 200 | 1 |" name="When Run the RestFul service using given inputs &quot;Get&quot; &quot;userId:title&quot; &quot;1:qui est esse&quot;" time="0"/>
  <testcase classname="| posts | Get | userId:title | 1:qui est esse | 200 | 1 |" name="Then Validate the service returns given response code &quot;200&quot;" time="0"/>
  <testcase classname="| posts | Get | userId:title | 1:qui est esse | 200 | 1 |" name="And Validate the record counts matches as per expected counts &quot;1&quot;" time="0.001"/>
  <testcase classname="| posts | Get | userId:title | 1:qui est esse | 200 | 1 |" name="And Validate the service returned required details for given parameters &quot;userId:title&quot; &quot;1:qui est esse&quot;" time="0"/>
  <testcase classname="| posts | Get | userId:title | 1:qui est esse | 200 | 1 |" name="| posts | Get | userId:title | 1:qui est esse | 200 | 1 |" time="0.001"/>
  <testcase classname="| comments | Get | postId:id | 2:6 | 200 | 1 |" name="Given Setup the URI using given endpoint &quot;comments&quot;" time="0"/>
  <testcase classname="| comments | Get | postId:id | 2:6 | 200 | 1 |" name="When Run the RestFul service using given inputs &quot;Get&quot; &quot;postId:id&quot; &quot;2:6&quot;" time="0"/>
  <testcase classname="| comments | Get | postId:id | 2:6 | 200 | 1 |" name="Then Validate the service returns given response code &quot;200&quot;" time="0"/>
  <testcase classname="| comments | Get | postId:id | 2:6 | 200 | 1 |" name="And Validate the record counts matches as per expected counts &quot;1&quot;" time="0"/>
  <testcase classname="| comments | Get | postId:id | 2:6 | 200 | 1 |" name="And Validate the service returned required details for given parameters &quot;postId:id&quot; &quot;2:6&quot;" time="0"/>
  <testcase classname="| comments | Get | postId:id | 2:6 | 200 | 1 |" name="| comments | Get | postId:id | 2:6 | 200 | 1 |" time="0.003"/>
  <testcase classname="| users | Get | id:name | 1:Leanne Graham | 200 | 1 |" name="Given Setup the URI using given endpoint &quot;users&quot;" time="0.001"/>
  <testcase classname="| users | Get | id:name | 1:Leanne Graham | 200 | 1 |" name="When Run the RestFul service using given inputs &quot;Get&quot; &quot;id:name&quot; &quot;1:Leanne Graham&quot;" time="0"/>
  <testcase classname="| users | Get | id:name | 1:Leanne Graham | 200 | 1 |" name="Then Validate the service returns given response code &quot;200&quot;" time="0"/>
  <testcase classname="| users | Get | id:name | 1:Leanne Graham | 200 | 1 |" name="And Validate the record counts matches as per expected counts &quot;1&quot;" time="0"/>
  <testcase classname="| users | Get | id:name | 1:Leanne Graham | 200 | 1 |" name="And Validate the service returned required details for given parameters &quot;id:name&quot; &quot;1:Leanne Graham&quot;" time="0.001"/>
  <testcase classname="| users | Get | id:name | 1:Leanne Graham | 200 | 1 |" name="| users | Get | id:name | 1:Leanne Graham | 200 | 1 |" time="0.003"/>
  <testcase classname="| test | Get | NA | NA | 404 |" name="Given Setup the URI using given endpoint &quot;test&quot;" time="0.001"/>
  <testcase classname="| test | Get | NA | NA | 404 |" name="When Run the RestFul service using given inputs &quot;Get&quot; &quot;NA&quot; &quot;NA&quot;" time="0"/>
  <testcase classname="| test | Get | NA | NA | 404 |" name="Then Validate the service returns given response code &quot;404&quot;" time="0"/>
  <testcase classname="| test | Get | NA | NA | 404 |" name="| test | Get | NA | NA | 404 |" time="0.003"/>
  <testcase classname="| posts | Get | userId | 1 | 200 |" name="Given Setup the URI using given endpoint &quot;posts&quot;" time="0"/>
  <testcase classname="| posts | Get | userId | 1 | 200 |" name="When Run the RestFul service using given inputs &quot;Get&quot; &quot;userId&quot; &quot;1&quot;" time="0"/>
  <testcase classname="| posts | Get | userId | 1 | 200 |" name="Then Validate the service returns given response code &quot;200&quot;" time="0"/>
  <testcase classname="| posts | Get | userId | 1 | 200 |" name="And Validate the given attributes are present in response appropriately" time="0"/>
  <testcase classname="| posts | Get | userId | 1 | 200 |" name="| posts | Get | userId | 1 | 200 |" time="0.004"/>
  <testcase classname="| comments | Get | userId | 1 | 200 |" name="Given Setup the URI using given endpoint &quot;comments&quot;" time="0"/>
  <testcase classname="| comments | Get | userId | 1 | 200 |" name="When Run the RestFul service using given inputs &quot;Get&quot; &quot;userId&quot; &quot;1&quot;" time="0"/>
  <testcase classname="| comments | Get | userId | 1 | 200 |" name="Then Validate the service returns given response code &quot;200&quot;" time="0"/>
  <testcase classname="| comments | Get | userId | 1 | 200 |" name="And Validate the given attributes are present in response appropriately" time="0"/>
  <testcase classname="| comments | Get | userId | 1 | 200 |" name="| comments | Get | userId | 1 | 200 |" time="0"/>
  <testcase classname="| users | Get | userId | 1 | 200 |" name="Given Setup the URI using given endpoint &quot;users&quot;" time="0"/>
  <testcase classname="| users | Get | userId | 1 | 200 |" name="When Run the RestFul service using given inputs &quot;Get&quot; &quot;userId&quot; &quot;1&quot;" time="0"/>
  <testcase classname="| users | Get | userId | 1 | 200 |" name="Then Validate the service returns given response code &quot;200&quot;" time="0.001"/>
  <testcase classname="| users | Get | userId | 1 | 200 |" name="And Validate the given attributes are present in response appropriately" time="0"/>
  <testcase classname="| users | Get | userId | 1 | 200 |" name="| users | Get | userId | 1 | 200 |" time="0.002"/>
</testsuite>